Defaulting to user installation because normal site-packages is not writeable
Requirement already satisfied: numpy in /gpfs/home3/wknibbe/.local/lib/python3.10/site-packages (1.26.4)
WARNING: You are using pip version 22.0.4; however, version 24.0 is available.
You should consider upgrading via the '/sw/arch/RHEL8/EB_production/2022/software/Python/3.10.4-GCCcore-11.3.0/bin/python -m pip install --upgrade pip' command.
srun: error: tcn263: task 0: Out Of Memory
srun: Terminating StepId=5908036.4
slurmstepd: error: Detected 1 oom_kill event in StepId=5908036.4. Some of the step tasks have been OOM Killed.
Results saved to JSON file successfully as results30_100_0.json
Elapsed Time: 17781.12 seconds
Results saved to JSON file successfully as results70_10_0.json
Elapsed Time: 21115.71 seconds
srun: error: tcn263: task 0: Out Of Memory
srun: Terminating StepId=5908036.9
slurmstepd: error: Detected 1 oom_kill event in StepId=5908036.9. Some of the step tasks have been OOM Killed.
Results saved to JSON file successfully as results30_1000_0.json
Elapsed Time: 26367.33 seconds
srun: error: tcn263: task 0: Out Of Memory
srun: Terminating StepId=5908036.2
slurmstepd: error: Detected 1 oom_kill event in StepId=5908036.2. Some of the step tasks have been OOM Killed.
Results saved to JSON file successfully as results30_100_1.json
Elapsed Time: 38544.53 seconds
Results saved to JSON file successfully as results100_10_0.json
Elapsed Time: 40428.40 seconds
Results saved to JSON file successfully as results70_10_1.json
Elapsed Time: 41371.12 seconds
Results saved to JSON file successfully as results30_1000_1.json
Elapsed Time: 53162.79 seconds
Results saved to JSON file successfully as results70_1000_0.json
Elapsed Time: 59050.97 seconds
Results saved to JSON file successfully as results70_10_2.json
Elapsed Time: 62507.28 seconds
Results saved to JSON file successfully as results30_100_2.json
Elapsed Time: 63764.84 seconds
Results saved to JSON file successfully as results50_1000_0.json
Elapsed Time: 67937.36 seconds
Results saved to JSON file successfully as results70_10_3.json
Elapsed Time: 83876.83 seconds
Results saved to JSON file successfully as results100_10_1.json
Elapsed Time: 89325.56 seconds
Results saved to JSON file successfully as results30_100_3.json
Elapsed Time: 89514.90 seconds
Results saved to JSON file successfully as results30_1000_2.json
Elapsed Time: 90154.03 seconds
slurmstepd: error: unable to open '/proc/1677983/cgroup' for reading : No such file or directory
Results saved to JSON file successfully as results70_10_4.json
Elapsed Time: 103888.44 seconds
Results saved to JSON file successfully as results30_100_4.json
Elapsed Time: 119800.92 seconds
Results saved to JSON file successfully as results50_100_0.json
Elapsed Time: 120565.33 seconds
Results saved to JSON file successfully as results70_10_5.json
Elapsed Time: 124383.93 seconds
Results saved to JSON file successfully as results30_1000_3.json
Elapsed Time: 133793.50 seconds
Results saved to JSON file successfully as results100_10_2.json
Elapsed Time: 138579.76 seconds
Results saved to JSON file successfully as results70_10_6.json
Elapsed Time: 145237.15 seconds
Results saved to JSON file successfully as results50_1000_1.json
Elapsed Time: 149497.96 seconds
