Defaulting to user installation because normal site-packages is not writeable
Requirement already satisfied: numpy in /gpfs/home3/wknibbe/.local/lib/python3.10/site-packages (1.26.4)
WARNING: You are using pip version 22.0.4; however, version 24.0 is available.
You should consider upgrading via the '/sw/arch/RHEL8/EB_production/2022/software/Python/3.10.4-GCCcore-11.3.0/bin/python -m pip install --upgrade pip' command.
/var/spool/slurm/slurmd/job5828738/slurm_script: line 23: inotifywait: command not found
Results saved to JSON file successfully as results30_10_0.json
Elapsed Time: 173.82 seconds
Results saved to JSON file successfully as results30_10_1.json
Elapsed Time: 404.58 seconds
Results saved to JSON file successfully as results30_10_2.json
Elapsed Time: 648.46 seconds
Results saved to JSON file successfully as results30_10_3.json
Elapsed Time: 895.31 seconds
Results saved to JSON file successfully as results30_10_4.json
Elapsed Time: 1145.97 seconds
Results saved to JSON file successfully as results30_1000_0.json
Elapsed Time: 478.89 seconds
Results saved to JSON file successfully as results30_1000_1.json
Elapsed Time: 2041.60 seconds
Results saved to JSON file successfully as results30_1000_2.json
Elapsed Time: 4324.76 seconds
Results saved to JSON file successfully as results30_1000_3.json
Elapsed Time: 6806.61 seconds
Results saved to JSON file successfully as results30_1000_4.json
Elapsed Time: 9705.03 seconds
srun: error: tcn17: task 0: Out Of Memory
srun: Terminating StepId=5828738.1
slurmstepd: error: Detected 1 oom_kill event in StepId=5828738.1. Some of the step tasks have been OOM Killed.
srun: Job step aborted: Waiting up to 32 seconds for job step to finish.
srun: Job step aborted: Waiting up to 32 seconds for job step to finish.
srun: Job step aborted: Waiting up to 32 seconds for job step to finish.
srun: Job step aborted: Waiting up to 32 seconds for job step to finish.
srun: Job step aborted: Waiting up to 32 seconds for job step to finish.
slurmstepd: error: *** STEP 5828738.4 ON tcn17 CANCELLED AT 2024-04-09T20:27:50 DUE TO TIME LIMIT ***
slurmstepd: error: *** STEP 5828738.0 ON tcn17 CANCELLED AT 2024-04-09T20:27:50 DUE TO TIME LIMIT ***
slurmstepd: error: *** STEP 5828738.2 ON tcn17 CANCELLED AT 2024-04-09T20:27:50 DUE TO TIME LIMIT ***
slurmstepd: error: *** JOB 5828738 ON tcn17 CANCELLED AT 2024-04-09T20:27:50 DUE TO TIME LIMIT ***
slurmstepd: error: *** STEP 5828738.5 ON tcn17 CANCELLED AT 2024-04-09T20:27:50 DUE TO TIME LIMIT ***
slurmstepd: error: *** STEP 5828738.3 ON tcn17 CANCELLED AT 2024-04-09T20:27:50 DUE TO TIME LIMIT ***
srun: error: tcn17: task 0: Terminated
srun: Terminating StepId=5828738.4
srun: error: tcn17: task 0: Terminated
srun: Terminating StepId=5828738.0
srun: error: tcn17: task 0: Terminated
srun: Terminating StepId=5828738.2
slurmstepd: error: container_p_join: open failed for /slurm/5828738/.ns: No such file or directory
slurmstepd: error: container_g_join(5828738): No such file or directory
srun: error: tcn17: task 0: Terminated
srun: Terminating StepId=5828738.5
slurmstepd: error: container_p_join: open failed for /slurm/5828738/.ns: No such file or directory
slurmstepd: error: container_g_join(5828738): No such file or directory
slurmstepd: error: container_p_join: open failed for /slurm/5828738/.ns: No such file or directory
slurmstepd: error: container_g_join(5828738): No such file or directory
